<?xml version="1.0" encoding="UTF-8"?>
<!-- Generated by org.testng.reporters.JUnitXMLReporter -->
<testsuite ignored="0" hostname="LAPTOP-9BUELUHA" failures="0" tests="20" name="Test" time="0.115" errors="0" timestamp="2024-06-09T10:27:13 IST">
  <testcase classname="Countries.Country2" name="Is" time="0.011"/>
  <testcase classname="Countries.Country2" name="Kuw" time="0.002"/>
  <testcase classname="Countries.Country2" name="Om" time="0.002"/>
  <testcase classname="Countries.Country2" name="fi" time="0.002"/>
  <testcase classname="Countries.Country2" name="ja" time="0.001"/>
  <testcase classname="Countries.Country2" name="pa" time="0.001"/>
  <testcase classname="Countries.Country2" name="to" time="0.001"/>
  <testcase classname="Countries.Country3" name="Ar" time="0.001"/>
  <testcase classname="Countries.Country3" name="Bh" time="0.001"/>
  <testcase classname="Countries.Country3" name="IL" time="0.001"/>
  <testcase classname="Countries.Country3" name="Sn" time="0.001"/>
  <testcase classname="Countries.Country3" name="UAE" time="0.001"/>
  <testcase classname="Countries.Country3" name="Va" time="0.001"/>
  <testcase classname="Countries.Country3" name="cur" time="0.002"/>
  <testcase classname="Countries.Country1" name="BE" time="0.0"/>
  <testcase classname="Countries.Country1" name="GE" time="0.0"/>
  <testcase classname="Countries.Country1" name="SK" time="0.001"/>
  <testcase classname="Countries.Country1" name="co" time="0.001"/>
  <testcase classname="Countries.Country1" name="gh" time="0.0"/>
  <testcase classname="Countries.Country1" name="sp" time="0.001"/>
</testsuite> <!-- Test -->
