<?xml version="1.0" encoding="UTF-8"?>
<testng-results ignored="0" total="1" passed="1" failed="0" skipped="0">
  <reporter-output>
  </reporter-output>
  <suite started-at="2024-06-10T13:16:01 IST" name="Default suite" finished-at="2024-06-10T13:16:13 IST" duration-ms="12560">
    <groups>
    </groups>
    <test started-at="2024-06-10T13:16:01 IST" name="Default test" finished-at="2024-06-10T13:16:13 IST" duration-ms="12560">
      <class name="DatePickerPack.CurrentDate">
        <test-method signature="f()[pri:0, instance:DatePickerPack.CurrentDate@5c33f1a9]" started-at="2024-06-10T13:16:01 IST" name="f" finished-at="2024-06-10T13:16:13 IST" duration-ms="12497" status="PASS">
          <reporter-output>
          </reporter-output>
        </test-method> <!-- f -->
      </class> <!-- DatePickerPack.CurrentDate -->
    </test> <!-- Default test -->
  </suite> <!-- Default suite -->
</testng-results>
